[October 8, 2020, 5:25 am] EX-123 Login Successful. 
[October 8, 2020, 5:41 am] EX-123 Logout Successful
[October 8, 2020, 10:57 am] EX-456 Login Successful. 
[October 8, 2020, 10:58 am] YHX-0789: Allowed to vote by EX-456. 
[October 8, 2020, 11:08 am] YHX-9681: Denied to vote by EX-456. 
[October 8, 2020, 11:08 am] YHX-9681: Denied to vote by EX-456. 
[October 8, 2020, 11:10 am] YHX-9681: Denied to vote by EX-456. 
[October 8, 2020, 11:13 am] YHX-9681: Allowed to vote by EX-456. 
[October 8, 2020, 11:14 am] YHX-00123: Allowed to vote by EX-456. 
[October 8, 2020, 11:23 am] EX-456 Logout Successful
[February 25, 2021, 1:27 pm] Executive1 Login Failed. 
[February 25, 2021, 1:29 pm] EX-123 Login Failed. 
[February 25, 2021, 1:29 pm] EX-123 Login Successful. 
[February 25, 2021, 1:30 pm] EX-123 Logout Successful
[March 9, 2021, 11:27 pm] EX-456 Login Successful. 
[March 9, 2021, 11:27 pm] YHX-9681: Allowed to vote by EX-456. 
[March 9, 2021, 11:33 pm] EX-456 Logout Successful
[March 9, 2021, 11:33 pm] EX-456 Login Successful. 
[March 9, 2021, 11:34 pm] YHX-9681: Allowed to vote by EX-456. 
[March 9, 2021, 11:43 pm] YHX-9681: Allowed to vote by EX-456. 
[March 10, 2021, 12:13 am] EX-456 Logout Successful
[March 10, 2021, 12:13 am] EX-456 Login Successful. 
[March 10, 2021, 12:14 am] YHX-9681: Allowed to vote by EX-456. 
